android-app/app/build/intermediates/manifest_merge_blame_file/release/manifest-merger-blame-release-report.txt
1<?xml version="1.0" encoding="utf-8"?>
2<manifest xmlns:android="http://schemas.android.com/apk/res/android"
3    package="com.Rgibberlink"
4    android:versionCode="3"
5    android:versionName="0.3.0" >
6
7    <uses-sdk
8        android:minSdkVersion="24"
9        android:targetSdkVersion="35" />
10
11    <!-- Basic app permissions -->
12    <uses-permission android:name="android.permission.INTERNET" />
12-->src\main\AndroidManifest.xml:5:5-67
12-->src\main\AndroidManifest.xml:5:22-64
13    <uses-permission android:name="android.permission.ACCESS_NETWORK_STATE" />
13-->src\main\AndroidManifest.xml:6:5-79
13-->src\main\AndroidManifest.xml:6:22-76
14
15    <!-- Audio permissions for ultrasonic communication -->
16    <uses-permission android:name="android.permission.RECORD_AUDIO" />
16-->src\main\AndroidManifest.xml:9:5-71
16-->src\main\AndroidManifest.xml:9:22-68
17    <uses-permission android:name="android.permission.MODIFY_AUDIO_SETTINGS" />
17-->src\main\AndroidManifest.xml:10:5-80
17-->src\main\AndroidManifest.xml:10:22-77
18    <uses-permission android:name="android.permission.BLUETOOTH" />
18-->src\main\AndroidManifest.xml:11:5-68
18-->src\main\AndroidManifest.xml:11:22-65
19    <uses-permission android:name="android.permission.BLUETOOTH_ADMIN" />
19-->src\main\AndroidManifest.xml:12:5-74
19-->src\main\AndroidManifest.xml:12:22-71
20
21    <!-- Camera permissions for laser alignment and QR scanning -->
22    <uses-permission android:name="android.permission.CAMERA" />
22-->src\main\AndroidManifest.xml:15:5-65
22-->src\main\AndroidManifest.xml:15:22-62
23
24    <uses-feature
24-->src\main\AndroidManifest.xml:16:5-84
25        android:name="android.hardware.camera"
25-->src\main\AndroidManifest.xml:16:19-57
26        android:required="true" />
26-->src\main\AndroidManifest.xml:16:58-81
27    <uses-feature
27-->src\main\AndroidManifest.xml:17:5-95
28        android:name="android.hardware.camera.autofocus"
28-->src\main\AndroidManifest.xml:17:19-67
29        android:required="false" />
29-->src\main\AndroidManifest.xml:17:68-92
30
31    <!-- Vibration permissions for haptic feedback -->
32    <uses-permission android:name="android.permission.VIBRATE" />
32-->src\main\AndroidManifest.xml:20:5-66
32-->src\main\AndroidManifest.xml:20:22-63
33
34    <!-- Biometric authentication for app security -->
35    <uses-permission android:name="android.permission.USE_BIOMETRIC" />
35-->src\main\AndroidManifest.xml:23:5-72
35-->src\main\AndroidManifest.xml:23:22-69
36
37    <!-- Wake lock for continuous operation -->
38    <uses-permission android:name="android.permission.WAKE_LOCK" />
38-->src\main\AndroidManifest.xml:26:5-68
38-->src\main\AndroidManifest.xml:26:22-65
39
40    <!-- Hardware feature declarations for long-range components -->
41    <uses-feature
41-->src\main\AndroidManifest.xml:29:5-96
42        android:name="android.hardware.audio.low_latency"
42-->src\main\AndroidManifest.xml:29:19-68
43        android:required="false" />
43-->src\main\AndroidManifest.xml:29:69-93
44    <uses-feature
44-->src\main\AndroidManifest.xml:30:5-88
45        android:name="android.hardware.audio.pro"
45-->src\main\AndroidManifest.xml:30:19-60
46        android:required="false" />
46-->src\main\AndroidManifest.xml:30:61-85
47    <uses-feature
47-->src\main\AndroidManifest.xml:31:5-88
48        android:name="android.hardware.microphone"
48-->src\main\AndroidManifest.xml:31:19-61
49        android:required="true" />
49-->src\main\AndroidManifest.xml:31:62-85
50    <uses-feature
50-->src\main\AndroidManifest.xml:32:5-88
51        android:name="android.hardware.bluetooth"
51-->src\main\AndroidManifest.xml:32:19-60
52        android:required="false" />
52-->src\main\AndroidManifest.xml:32:61-85
53
54    <!-- Long-range hardware specific permissions -->
55    <uses-permission android:name="android.permission.ACCESS_FINE_LOCATION" />
55-->src\main\AndroidManifest.xml:35:5-79
55-->src\main\AndroidManifest.xml:35:22-76
56    <uses-permission android:name="android.permission.ACCESS_COARSE_LOCATION" />
56-->src\main\AndroidManifest.xml:36:5-81
56-->src\main\AndroidManifest.xml:36:22-78
57
58    <!-- For high-performance audio processing -->
59    <uses-permission android:name="android.permission.FOREGROUND_SERVICE" />
59-->src\main\AndroidManifest.xml:39:5-77
59-->src\main\AndroidManifest.xml:39:22-74
60
61    <!-- suppress DeprecatedClassUsageInspection -->
62    <uses-permission android:name="android.permission.USE_FINGERPRINT" />
62-->[androidx.biometric:biometric:1.1.0] AndroidManifest.xml:27:5-74
62-->[androidx.biometric:biometric:1.1.0] AndroidManifest.xml:27:22-71
63    <uses-permission android:name="android.permission.RECEIVE_BOOT_COMPLETED" />
63-->[androidx.work:work-runtime:2.9.0] AndroidManifest.xml:25:5-81
63-->[androidx.work:work-runtime:2.9.0] AndroidManifest.xml:25:22-78
64
65    <queries>
65-->[androidx.media2:media2-session:1.2.1] AndroidManifest.xml:24:5-34:15
66        <intent>
66-->[androidx.media2:media2-session:1.2.1] AndroidManifest.xml:25:9-27:18
67            <action android:name="android.media.browse.MediaBrowserService" />
67-->[androidx.media2:media2-session:1.2.1] AndroidManifest.xml:26:13-79
67-->[androidx.media2:media2-session:1.2.1] AndroidManifest.xml:26:21-76
68        </intent>
69        <intent>
69-->[androidx.media2:media2-session:1.2.1] AndroidManifest.xml:28:9-30:18
70            <action android:name="androidx.media2.session.MediaSessionService" />
70-->[androidx.media2:media2-session:1.2.1] AndroidManifest.xml:29:13-82
70-->[androidx.media2:media2-session:1.2.1] AndroidManifest.xml:29:21-79
71        </intent>
72        <intent>
72-->[androidx.media2:media2-session:1.2.1] AndroidManifest.xml:31:9-33:18
73            <action android:name="androidx.media2.session.MediaLibraryService" />
73-->[androidx.media2:media2-session:1.2.1] AndroidManifest.xml:32:13-82
73-->[androidx.media2:media2-session:1.2.1] AndroidManifest.xml:32:21-79
74        </intent>
75    </queries>
76
77    <permission
77-->[androidx.core:core:1.12.0] AndroidManifest.xml:22:5-24:47
78        android:name="com.Rgibberlink.DYNAMIC_RECEIVER_NOT_EXPORTED_PERMISSION"
78-->[androidx.core:core:1.12.0] AndroidManifest.xml:23:9-81
79        android:protectionLevel="signature" />
79-->[androidx.core:core:1.12.0] AndroidManifest.xml:24:9-44
80
81    <uses-permission android:name="com.Rgibberlink.DYNAMIC_RECEIVER_NOT_EXPORTED_PERMISSION" />
81-->[androidx.core:core:1.12.0] AndroidManifest.xml:26:5-97
81-->[androidx.core:core:1.12.0] AndroidManifest.xml:26:22-94
82
83    <application
83-->src\main\AndroidManifest.xml:41:5-105:19
84        android:allowBackup="true"
84-->src\main\AndroidManifest.xml:42:9-35
85        android:appComponentFactory="androidx.core.app.CoreComponentFactory"
85-->[androidx.core:core:1.12.0] AndroidManifest.xml:28:18-86
86        android:dataExtractionRules="@xml/data_extraction_rules"
86-->src\main\AndroidManifest.xml:43:9-65
87        android:extractNativeLibs="false"
88        android:fullBackupContent="@xml/backup_rules"
88-->src\main\AndroidManifest.xml:44:9-54
89        android:label="@string/app_name"
89-->src\main\AndroidManifest.xml:45:9-41
90        android:requestLegacyExternalStorage="true"
90-->src\main\AndroidManifest.xml:49:9-52
91        android:supportsRtl="true"
91-->src\main\AndroidManifest.xml:46:9-35
92        android:theme="@style/Theme.GibberLink"
92-->src\main\AndroidManifest.xml:47:9-48
93        android:usesCleartextTraffic="true" >
93-->src\main\AndroidManifest.xml:48:9-44
94
95        <!-- Main activity -->
96        <activity
96-->src\main\AndroidManifest.xml:52:9-60:20
97            android:name="com.Rgibberlink.MainActivity"
97-->src\main\AndroidManifest.xml:53:13-41
98            android:exported="true"
98-->src\main\AndroidManifest.xml:54:13-36
99            android:theme="@style/Theme.GibberLink" >
99-->src\main\AndroidManifest.xml:55:13-52
100            <intent-filter>
100-->src\main\AndroidManifest.xml:56:13-59:29
101                <action android:name="android.intent.action.MAIN" />
101-->src\main\AndroidManifest.xml:57:17-69
101-->src\main\AndroidManifest.xml:57:25-66
102
103                <category android:name="android.intent.category.LAUNCHER" />
103-->src\main\AndroidManifest.xml:58:17-77
103-->src\main\AndroidManifest.xml:58:27-74
104            </intent-filter>
105        </activity>
106
107        <!-- Permission authorization activity for hardware access -->
108        <activity
108-->src\main\AndroidManifest.xml:63:9-67:52
109            android:name="com.Rgibberlink.PermissionAuthorizationActivity"
109-->src\main\AndroidManifest.xml:64:13-60
110            android:exported="false"
110-->src\main\AndroidManifest.xml:65:13-37
111            android:screenOrientation="portrait"
111-->src\main\AndroidManifest.xml:67:13-49
112            android:theme="@style/Theme.GibberLink.NoActionBar" />
112-->src\main\AndroidManifest.xml:66:13-64
113
114        <!-- Face validation activity for human presence verification -->
115        <activity
115-->src\main\AndroidManifest.xml:70:9-74:52
116            android:name="com.Rgibberlink.FaceValidationActivity"
116-->src\main\AndroidManifest.xml:71:13-51
117            android:exported="false"
117-->src\main\AndroidManifest.xml:72:13-37
118            android:screenOrientation="portrait"
118-->src\main\AndroidManifest.xml:74:13-49
119            android:theme="@android:style/Theme.NoTitleBar.Fullscreen" />
119-->src\main\AndroidManifest.xml:73:13-71
120
121        <!-- Range detection activity for ultrasonic ranging and laser control -->
122        <activity
122-->src\main\AndroidManifest.xml:77:9-81:52
123            android:name="com.Rgibberlink.RangeDetectionActivity"
123-->src\main\AndroidManifest.xml:78:13-51
124            android:exported="false"
124-->src\main\AndroidManifest.xml:79:13-37
125            android:screenOrientation="portrait"
125-->src\main\AndroidManifest.xml:81:13-49
126            android:theme="@style/Theme.GibberLink.NoActionBar" />
126-->src\main\AndroidManifest.xml:80:13-64
127
128        <!-- Meta-data for hardware capabilities -->
129        <meta-data
129-->src\main\AndroidManifest.xml:85:9-87:36
130            android:name="com.gibberlink.long_range_supported"
130-->src\main\AndroidManifest.xml:86:13-63
131            android:value="true" />
131-->src\main\AndroidManifest.xml:87:13-33
132        <meta-data
132-->src\main\AndroidManifest.xml:89:9-91:36
133            android:name="com.gibberlink.ultrasonic_beam_supported"
133-->src\main\AndroidManifest.xml:90:13-68
134            android:value="true" />
134-->src\main\AndroidManifest.xml:91:13-33
135        <meta-data
135-->src\main\AndroidManifest.xml:93:9-95:36
136            android:name="com.gibberlink.laser_modulation_supported"
136-->src\main\AndroidManifest.xml:94:13-69
137            android:value="true" />
137-->src\main\AndroidManifest.xml:95:13-33
138        <meta-data
138-->src\main\AndroidManifest.xml:97:9-99:36
139            android:name="com.gibberlink.parametric_audio_supported"
139-->src\main\AndroidManifest.xml:98:13-69
140            android:value="true" />
140-->src\main\AndroidManifest.xml:99:13-33
141        <meta-data
141-->src\main\AndroidManifest.xml:101:9-103:36
142            android:name="com.gibberlink.hardware_safety_monitoring"
142-->src\main\AndroidManifest.xml:102:13-69
143            android:value="true" />
143-->src\main\AndroidManifest.xml:103:13-33
144
145        <!--
146        Service for holding metadata. Cannot be instantiated.
147        Metadata will be merged from other manifests.
148        -->
149        <service
149-->[androidx.camera:camera-core:1.3.1] AndroidManifest.xml:29:9-33:78
150            android:name="androidx.camera.core.impl.MetadataHolderService"
150-->[androidx.camera:camera-core:1.3.1] AndroidManifest.xml:30:13-75
151            android:enabled="false"
151-->[androidx.camera:camera-core:1.3.1] AndroidManifest.xml:31:13-36
152            android:exported="false" >
152-->[androidx.camera:camera-core:1.3.1] AndroidManifest.xml:32:13-37
153            <meta-data
153-->[androidx.camera:camera-camera2:1.3.1] AndroidManifest.xml:30:13-32:89
154                android:name="androidx.camera.core.impl.MetadataHolderService.DEFAULT_CONFIG_PROVIDER"
154-->[androidx.camera:camera-camera2:1.3.1] AndroidManifest.xml:31:17-103
155                android:value="androidx.camera.camera2.Camera2Config$DefaultProvider" />
155-->[androidx.camera:camera-camera2:1.3.1] AndroidManifest.xml:32:17-86
156        </service>
157        <service
157-->[com.google.android.gms:play-services-mlkit-barcode-scanning:18.3.0] AndroidManifest.xml:9:9-15:19
158            android:name="com.google.mlkit.common.internal.MlKitComponentDiscoveryService"
158-->[com.google.android.gms:play-services-mlkit-barcode-scanning:18.3.0] AndroidManifest.xml:10:13-91
159            android:directBootAware="true"
159-->[com.google.mlkit:common:18.9.0] AndroidManifest.xml:17:13-43
160            android:exported="false" >
160-->[com.google.android.gms:play-services-mlkit-barcode-scanning:18.3.0] AndroidManifest.xml:11:13-37
161            <meta-data
161-->[com.google.android.gms:play-services-mlkit-barcode-scanning:18.3.0] AndroidManifest.xml:12:13-14:85
162                android:name="com.google.firebase.components:com.google.mlkit.vision.barcode.internal.BarcodeRegistrar"
162-->[com.google.android.gms:play-services-mlkit-barcode-scanning:18.3.0] AndroidManifest.xml:13:17-120
163                android:value="com.google.firebase.components.ComponentRegistrar" />
163-->[com.google.android.gms:play-services-mlkit-barcode-scanning:18.3.0] AndroidManifest.xml:14:17-82
164            <meta-data
164-->[com.google.android.gms:play-services-mlkit-face-detection:17.0.1] AndroidManifest.xml:12:13-14:85
165                android:name="com.google.firebase.components:com.google.mlkit.vision.face.internal.FaceRegistrar"
165-->[com.google.android.gms:play-services-mlkit-face-detection:17.0.1] AndroidManifest.xml:13:17-114
166                android:value="com.google.firebase.components.ComponentRegistrar" />
166-->[com.google.android.gms:play-services-mlkit-face-detection:17.0.1] AndroidManifest.xml:14:17-82
167            <meta-data
167-->[com.google.mlkit:vision-common:17.3.0] AndroidManifest.xml:12:13-14:85
168                android:name="com.google.firebase.components:com.google.mlkit.vision.common.internal.VisionCommonRegistrar"
168-->[com.google.mlkit:vision-common:17.3.0] AndroidManifest.xml:13:17-124
169                android:value="com.google.firebase.components.ComponentRegistrar" />
169-->[com.google.mlkit:vision-common:17.3.0] AndroidManifest.xml:14:17-82
170            <meta-data
170-->[com.google.mlkit:common:18.9.0] AndroidManifest.xml:20:13-22:85
171                android:name="com.google.firebase.components:com.google.mlkit.common.internal.CommonComponentRegistrar"
171-->[com.google.mlkit:common:18.9.0] AndroidManifest.xml:21:17-120
172                android:value="com.google.firebase.components.ComponentRegistrar" />
172-->[com.google.mlkit:common:18.9.0] AndroidManifest.xml:22:17-82
173        </service>
174
175        <provider
175-->[com.google.mlkit:common:18.9.0] AndroidManifest.xml:9:9-13:38
176            android:name="com.google.mlkit.common.internal.MlKitInitProvider"
176-->[com.google.mlkit:common:18.9.0] AndroidManifest.xml:10:13-78
177            android:authorities="com.Rgibberlink.mlkitinitprovider"
177-->[com.google.mlkit:common:18.9.0] AndroidManifest.xml:11:13-69
178            android:exported="false"
178-->[com.google.mlkit:common:18.9.0] AndroidManifest.xml:12:13-37
179            android:initOrder="99" />
179-->[com.google.mlkit:common:18.9.0] AndroidManifest.xml:13:13-35
180
181        <activity
181-->[com.google.android.gms:play-services-base:18.1.0] AndroidManifest.xml:20:9-22:45
182            android:name="com.google.android.gms.common.api.GoogleApiActivity"
182-->[com.google.android.gms:play-services-base:18.1.0] AndroidManifest.xml:20:19-85
183            android:exported="false"
183-->[com.google.android.gms:play-services-base:18.1.0] AndroidManifest.xml:22:19-43
184            android:theme="@android:style/Theme.Translucent.NoTitleBar" />
184-->[com.google.android.gms:play-services-base:18.1.0] AndroidManifest.xml:21:19-78
185
186        <meta-data
186-->[com.google.android.gms:play-services-basement:18.1.0] AndroidManifest.xml:21:9-23:69
187            android:name="com.google.android.gms.version"
187-->[com.google.android.gms:play-services-basement:18.1.0] AndroidManifest.xml:22:13-58
188            android:value="@integer/google_play_services_version" />
188-->[com.google.android.gms:play-services-basement:18.1.0] AndroidManifest.xml:23:13-66
189
190        <provider
190-->[androidx.work:work-runtime:2.9.0] AndroidManifest.xml:29:9-37:20
191            android:name="androidx.startup.InitializationProvider"
191-->[androidx.work:work-runtime:2.9.0] AndroidManifest.xml:30:13-67
192            android:authorities="com.Rgibberlink.androidx-startup"
192-->[androidx.work:work-runtime:2.9.0] AndroidManifest.xml:31:13-68
193            android:exported="false" >
193-->[androidx.work:work-runtime:2.9.0] AndroidManifest.xml:32:13-37
194            <meta-data
194-->[androidx.work:work-runtime:2.9.0] AndroidManifest.xml:34:13-36:52
195                android:name="androidx.work.WorkManagerInitializer"
195-->[androidx.work:work-runtime:2.9.0] AndroidManifest.xml:35:17-68
196                android:value="androidx.startup" />
196-->[androidx.work:work-runtime:2.9.0] AndroidManifest.xml:36:17-49
197            <meta-data
197-->[androidx.emoji2:emoji2:1.2.0] AndroidManifest.xml:29:13-31:52
198                android:name="androidx.emoji2.text.EmojiCompatInitializer"
198-->[androidx.emoji2:emoji2:1.2.0] AndroidManifest.xml:30:17-75
199                android:value="androidx.startup" />
199-->[androidx.emoji2:emoji2:1.2.0] AndroidManifest.xml:31:17-49
200            <meta-data
200-->[androidx.lifecycle:lifecycle-process:2.7.0] AndroidManifest.xml:29:13-31:52
201                android:name="androidx.lifecycle.ProcessLifecycleInitializer"
201-->[androidx.lifecycle:lifecycle-process:2.7.0] AndroidManifest.xml:30:17-78
202                android:value="androidx.startup" />
202-->[androidx.lifecycle:lifecycle-process:2.7.0] AndroidManifest.xml:31:17-49
203            <meta-data
203-->[androidx.profileinstaller:profileinstaller:1.3.0] AndroidManifest.xml:29:13-31:52
204                android:name="androidx.profileinstaller.ProfileInstallerInitializer"
204-->[androidx.profileinstaller:profileinstaller:1.3.0] AndroidManifest.xml:30:17-85
205                android:value="androidx.startup" />
205-->[androidx.profileinstaller:profileinstaller:1.3.0] AndroidManifest.xml:31:17-49
206        </provider>
207
208        <service
208-->[androidx.work:work-runtime:2.9.0] AndroidManifest.xml:39:9-45:35
209            android:name="androidx.work.impl.background.systemalarm.SystemAlarmService"
209-->[androidx.work:work-runtime:2.9.0] AndroidManifest.xml:40:13-88
210            android:directBootAware="false"
210-->[androidx.work:work-runtime:2.9.0] AndroidManifest.xml:41:13-44
211            android:enabled="@bool/enable_system_alarm_service_default"
211-->[androidx.work:work-runtime:2.9.0] AndroidManifest.xml:42:13-72
212            android:exported="false" />
212-->[androidx.work:work-runtime:2.9.0] AndroidManifest.xml:43:13-37
213        <service
213-->[androidx.work:work-runtime:2.9.0] AndroidManifest.xml:46:9-52:35
214            android:name="androidx.work.impl.background.systemjob.SystemJobService"
214-->[androidx.work:work-runtime:2.9.0] AndroidManifest.xml:47:13-84
215            android:directBootAware="false"
215-->[androidx.work:work-runtime:2.9.0] AndroidManifest.xml:48:13-44
216            android:enabled="@bool/enable_system_job_service_default"
216-->[androidx.work:work-runtime:2.9.0] AndroidManifest.xml:49:13-70
217            android:exported="true"
217-->[androidx.work:work-runtime:2.9.0] AndroidManifest.xml:50:13-36
218            android:permission="android.permission.BIND_JOB_SERVICE" />
218-->[androidx.work:work-runtime:2.9.0] AndroidManifest.xml:51:13-69
219        <service
219-->[androidx.work:work-runtime:2.9.0] AndroidManifest.xml:53:9-59:35
220            android:name="androidx.work.impl.foreground.SystemForegroundService"
220-->[androidx.work:work-runtime:2.9.0] AndroidManifest.xml:54:13-81
221            android:directBootAware="false"
221-->[androidx.work:work-runtime:2.9.0] AndroidManifest.xml:55:13-44
222            android:enabled="@bool/enable_system_foreground_service_default"
222-->[androidx.work:work-runtime:2.9.0] AndroidManifest.xml:56:13-77
223            android:exported="false" />
223-->[androidx.work:work-runtime:2.9.0] AndroidManifest.xml:57:13-37
224
225        <receiver
225-->[androidx.work:work-runtime:2.9.0] AndroidManifest.xml:61:9-66:35
226            android:name="androidx.work.impl.utils.ForceStopRunnable$BroadcastReceiver"
226-->[androidx.work:work-runtime:2.9.0] AndroidManifest.xml:62:13-88
227            android:directBootAware="false"
227-->[androidx.work:work-runtime:2.9.0] AndroidManifest.xml:63:13-44
228            android:enabled="true"
228-->[androidx.work:work-runtime:2.9.0] AndroidManifest.xml:64:13-35
229            android:exported="false" />
229-->[androidx.work:work-runtime:2.9.0] AndroidManifest.xml:65:13-37
230        <receiver
230-->[androidx.work:work-runtime:2.9.0] AndroidManifest.xml:67:9-77:20
231            android:name="androidx.work.impl.background.systemalarm.ConstraintProxy$BatteryChargingProxy"
231-->[androidx.work:work-runtime:2.9.0] AndroidManifest.xml:68:13-106
232            android:directBootAware="false"
232-->[androidx.work:work-runtime:2.9.0] AndroidManifest.xml:69:13-44
233            android:enabled="false"
233-->[androidx.work:work-runtime:2.9.0] AndroidManifest.xml:70:13-36
234            android:exported="false" >
234-->[androidx.work:work-runtime:2.9.0] AndroidManifest.xml:71:13-37
235            <intent-filter>
235-->[androidx.work:work-runtime:2.9.0] AndroidManifest.xml:73:13-76:29
236                <action android:name="android.intent.action.ACTION_POWER_CONNECTED" />
236-->[androidx.work:work-runtime:2.9.0] AndroidManifest.xml:74:17-87
236-->[androidx.work:work-runtime:2.9.0] AndroidManifest.xml:74:25-84
237                <action android:name="android.intent.action.ACTION_POWER_DISCONNECTED" />
237-->[androidx.work:work-runtime:2.9.0] AndroidManifest.xml:75:17-90
237-->[androidx.work:work-runtime:2.9.0] AndroidManifest.xml:75:25-87
238            </intent-filter>
239        </receiver>
240        <receiver
240-->[androidx.work:work-runtime:2.9.0] AndroidManifest.xml:78:9-88:20
241            android:name="androidx.work.impl.background.systemalarm.ConstraintProxy$BatteryNotLowProxy"
241-->[androidx.work:work-runtime:2.9.0] AndroidManifest.xml:79:13-104
242            android:directBootAware="false"
242-->[androidx.work:work-runtime:2.9.0] AndroidManifest.xml:80:13-44
243            android:enabled="false"
243-->[androidx.work:work-runtime:2.9.0] AndroidManifest.xml:81:13-36
244            android:exported="false" >
244-->[androidx.work:work-runtime:2.9.0] AndroidManifest.xml:82:13-37
245            <intent-filter>
245-->[androidx.work:work-runtime:2.9.0] AndroidManifest.xml:84:13-87:29
246                <action android:name="android.intent.action.BATTERY_OKAY" />
246-->[androidx.work:work-runtime:2.9.0] AndroidManifest.xml:85:17-77
246-->[androidx.work:work-runtime:2.9.0] AndroidManifest.xml:85:25-74
247                <action android:name="android.intent.action.BATTERY_LOW" />
247-->[androidx.work:work-runtime:2.9.0] AndroidManifest.xml:86:17-76
247-->[androidx.work:work-runtime:2.9.0] AndroidManifest.xml:86:25-73
248            </intent-filter>
249        </receiver>
250        <receiver
250-->[androidx.work:work-runtime:2.9.0] AndroidManifest.xml:89:9-99:20
251            android:name="androidx.work.impl.background.systemalarm.ConstraintProxy$StorageNotLowProxy"
251-->[androidx.work:work-runtime:2.9.0] AndroidManifest.xml:90:13-104
252            android:directBootAware="false"
252-->[androidx.work:work-runtime:2.9.0] AndroidManifest.xml:91:13-44
253            android:enabled="false"
253-->[androidx.work:work-runtime:2.9.0] AndroidManifest.xml:92:13-36
254            android:exported="false" >
254-->[androidx.work:work-runtime:2.9.0] AndroidManifest.xml:93:13-37
255            <intent-filter>
255-->[androidx.work:work-runtime:2.9.0] AndroidManifest.xml:95:13-98:29
256                <action android:name="android.intent.action.DEVICE_STORAGE_LOW" />
256-->[androidx.work:work-runtime:2.9.0] AndroidManifest.xml:96:17-83
256-->[androidx.work:work-runtime:2.9.0] AndroidManifest.xml:96:25-80
257                <action android:name="android.intent.action.DEVICE_STORAGE_OK" />
257-->[androidx.work:work-runtime:2.9.0] AndroidManifest.xml:97:17-82
257-->[androidx.work:work-runtime:2.9.0] AndroidManifest.xml:97:25-79
258            </intent-filter>
259        </receiver>
260        <receiver
260-->[androidx.work:work-runtime:2.9.0] AndroidManifest.xml:100:9-109:20
261            android:name="androidx.work.impl.background.systemalarm.ConstraintProxy$NetworkStateProxy"
261-->[androidx.work:work-runtime:2.9.0] AndroidManifest.xml:101:13-103
262            android:directBootAware="false"
262-->[androidx.work:work-runtime:2.9.0] AndroidManifest.xml:102:13-44
263            android:enabled="false"
263-->[androidx.work:work-runtime:2.9.0] AndroidManifest.xml:103:13-36
264            android:exported="false" >
264-->[androidx.work:work-runtime:2.9.0] AndroidManifest.xml:104:13-37
265            <intent-filter>
265-->[androidx.work:work-runtime:2.9.0] AndroidManifest.xml:106:13-108:29
266                <action android:name="android.net.conn.CONNECTIVITY_CHANGE" />
266-->[androidx.work:work-runtime:2.9.0] AndroidManifest.xml:107:17-79
266-->[androidx.work:work-runtime:2.9.0] AndroidManifest.xml:107:25-76
267            </intent-filter>
268        </receiver>
269        <receiver
269-->[androidx.work:work-runtime:2.9.0] AndroidManifest.xml:110:9-121:20
270            android:name="androidx.work.impl.background.systemalarm.RescheduleReceiver"
270-->[androidx.work:work-runtime:2.9.0] AndroidManifest.xml:111:13-88
271            android:directBootAware="false"
271-->[androidx.work:work-runtime:2.9.0] AndroidManifest.xml:112:13-44
272            android:enabled="false"
272-->[androidx.work:work-runtime:2.9.0] AndroidManifest.xml:113:13-36
273            android:exported="false" >
273-->[androidx.work:work-runtime:2.9.0] AndroidManifest.xml:114:13-37
274            <intent-filter>
274-->[androidx.work:work-runtime:2.9.0] AndroidManifest.xml:116:13-120:29
275                <action android:name="android.intent.action.BOOT_COMPLETED" />
275-->[androidx.work:work-runtime:2.9.0] AndroidManifest.xml:117:17-79
275-->[androidx.work:work-runtime:2.9.0] AndroidManifest.xml:117:25-76
276                <action android:name="android.intent.action.TIME_SET" />
276-->[androidx.work:work-runtime:2.9.0] AndroidManifest.xml:118:17-73
276-->[androidx.work:work-runtime:2.9.0] AndroidManifest.xml:118:25-70
277                <action android:name="android.intent.action.TIMEZONE_CHANGED" />
277-->[androidx.work:work-runtime:2.9.0] AndroidManifest.xml:119:17-81
277-->[androidx.work:work-runtime:2.9.0] AndroidManifest.xml:119:25-78
278            </intent-filter>
279        </receiver>
280        <receiver
280-->[androidx.work:work-runtime:2.9.0] AndroidManifest.xml:122:9-131:20
281            android:name="androidx.work.impl.background.systemalarm.ConstraintProxyUpdateReceiver"
281-->[androidx.work:work-runtime:2.9.0] AndroidManifest.xml:123:13-99
282            android:directBootAware="false"
282-->[androidx.work:work-runtime:2.9.0] AndroidManifest.xml:124:13-44
283            android:enabled="@bool/enable_system_alarm_service_default"
283-->[androidx.work:work-runtime:2.9.0] AndroidManifest.xml:125:13-72
284            android:exported="false" >
284-->[androidx.work:work-runtime:2.9.0] AndroidManifest.xml:126:13-37
285            <intent-filter>
285-->[androidx.work:work-runtime:2.9.0] AndroidManifest.xml:128:13-130:29
286                <action android:name="androidx.work.impl.background.systemalarm.UpdateProxies" />
286-->[androidx.work:work-runtime:2.9.0] AndroidManifest.xml:129:17-98
286-->[androidx.work:work-runtime:2.9.0] AndroidManifest.xml:129:25-95
287            </intent-filter>
288        </receiver>
289        <receiver
289-->[androidx.work:work-runtime:2.9.0] AndroidManifest.xml:132:9-142:20
290            android:name="androidx.work.impl.diagnostics.DiagnosticsReceiver"
290-->[androidx.work:work-runtime:2.9.0] AndroidManifest.xml:133:13-78
291            android:directBootAware="false"
291-->[androidx.work:work-runtime:2.9.0] AndroidManifest.xml:134:13-44
292            android:enabled="true"
292-->[androidx.work:work-runtime:2.9.0] AndroidManifest.xml:135:13-35
293            android:exported="true"
293-->[androidx.work:work-runtime:2.9.0] AndroidManifest.xml:136:13-36
294            android:permission="android.permission.DUMP" >
294-->[androidx.work:work-runtime:2.9.0] AndroidManifest.xml:137:13-57
295            <intent-filter>
295-->[androidx.work:work-runtime:2.9.0] AndroidManifest.xml:139:13-141:29
296                <action android:name="androidx.work.diagnostics.REQUEST_DIAGNOSTICS" />
296-->[androidx.work:work-runtime:2.9.0] AndroidManifest.xml:140:17-88
296-->[androidx.work:work-runtime:2.9.0] AndroidManifest.xml:140:25-85
297            </intent-filter>
298        </receiver>
299
300        <service
300-->[androidx.room:room-runtime:2.5.0] AndroidManifest.xml:24:9-28:63
301            android:name="androidx.room.MultiInstanceInvalidationService"
301-->[androidx.room:room-runtime:2.5.0] AndroidManifest.xml:25:13-74
302            android:directBootAware="true"